[debug] [2022-09-06T10:11:52.441Z] ----------------------------------------------------------------------
[debug] [2022-09-06T10:11:52.443Z] Command:       /usr/bin/node /usr/bin/firebase init
[debug] [2022-09-06T10:11:52.443Z] CLI Version:   11.8.0
[debug] [2022-09-06T10:11:52.443Z] Platform:      linux
[debug] [2022-09-06T10:11:52.444Z] Node Version:  v16.17.0
[debug] [2022-09-06T10:11:52.444Z] Time:          Tue Sep 06 2022 17:11:52 GMT+0700 (Western Indonesia Time)
[debug] [2022-09-06T10:11:52.444Z] ----------------------------------------------------------------------
[debug] 
[debug] [2022-09-06T10:11:52.504Z] > command requires scopes: ["email","openid","https://www.googleapis.com/auth/cloudplatformprojects.readonly","https://www.googleapis.com/auth/firebase","https://www.googleapis.com/auth/cloud-platform"]
[debug] [2022-09-06T10:11:52.505Z] > authorizing via signed-in user (fairuz.ikbar.w@gmail.com)
[info] 
     ######## #### ########  ######## ########     ###     ######  ########
     ##        ##  ##     ## ##       ##     ##  ##   ##  ##       ##
     ######    ##  ########  ######   ########  #########  ######  ######
     ##        ##  ##    ##  ##       ##     ## ##     ##       ## ##
     ##       #### ##     ## ######## ########  ##     ##  ######  ########

You're about to initialize a Firebase project in this directory:

  /home/dell/Enigma Camp/FrontEnd/Angular/angular-auth-with-firebase

Before we get started, keep in mind:

  * You are initializing within an existing Firebase project directory

[info] 
=== Project Setup
[info] 
[info] First, let's associate this project directory with a Firebase project.
[info] You can create multiple project aliases by running firebase use --add, 
[info] but for now we'll just set up a default project.
[info] 
[debug] [2022-09-06T10:12:01.577Z] Using project from CLI flag: angular-auth-49e8f
[debug] [2022-09-06T10:12:01.582Z] >>> [apiv2][query] GET https://firebase.googleapis.com/v1beta1/projects/angular-auth-49e8f [none]
[debug] [2022-09-06T10:12:02.084Z] <<< [apiv2][status] GET https://firebase.googleapis.com/v1beta1/projects/angular-auth-49e8f 200
[debug] [2022-09-06T10:12:02.085Z] <<< [apiv2][body] GET https://firebase.googleapis.com/v1beta1/projects/angular-auth-49e8f {"projectId":"angular-auth-49e8f","projectNumber":"653154040303","displayName":"angular-auth","name":"projects/angular-auth-49e8f","resources":{"hostingSite":"angular-auth-49e8f","realtimeDatabaseInstance":"angular-auth-49e8f-default-rtdb"},"state":"ACTIVE","etag":"1_da0dfc87-feee-4aa1-b944-b3894c976d51"}
[info] i  Using project angular-auth-49e8f (angular-auth) 
[info] 
=== Hosting Setup
[info] 
[info] Your public directory is the folder (relative to your project directory) that
[info] will contain Hosting assets to be uploaded with firebase deploy. If you
[info] have a build process for your assets, use your build's output directory.
[info] 
[debug] [2022-09-06T10:12:17.924Z] >>> [apiv2][query] GET https://www.gstatic.com/firebasejs/releases.json [none]
[debug] [2022-09-06T10:12:18.045Z] <<< [apiv2][status] GET https://www.gstatic.com/firebasejs/releases.json 200
[debug] [2022-09-06T10:12:18.046Z] <<< [apiv2][body] GET https://www.gstatic.com/firebasejs/releases.json {"current":{"version":"9.9.4","browserURL":"https://www.gstatic.com/firebasejs/9.9.4/firebase.js","packageURL":"https://www.gstatic.com/firebasejs/9.9.4/firebase.tgz"},"live":{"version":"9.9","browserURL":"https://www.gstatic.com/firebasejs/live/9.9/firebase.js","packageURL":"https://www.gstatic.com/firebasejs/live/9.9/firebase.tgz"},"components":{"analytics":"https://www.gstatic.com/firebasejs/9.9.4/firebase-analytics.js","app":"https://www.gstatic.com/firebasejs/9.9.4/firebase-app.js","app-check":"https://www.gstatic.com/firebasejs/9.9.4/firebase-app-check.js","auth":"https://www.gstatic.com/firebasejs/9.9.4/firebase-auth.js","auth/cordova":"https://www.gstatic.com/firebasejs/9.9.4/firebase-auth/cordova.js","auth/react-native":"https://www.gstatic.com/firebasejs/9.9.4/firebase-auth/react-native.js","functions":"https://www.gstatic.com/firebasejs/9.9.4/firebase-functions.js","firestore":"https://www.gstatic.com/firebasejs/9.9.4/firebase-firestore.js","firestore/lite":"https://www.gstatic.com/firebasejs/9.9.4/firebase-firestore/lite.js","installations":"https://www.gstatic.com/firebasejs/9.9.4/firebase-installations.js","storage":"https://www.gstatic.com/firebasejs/9.9.4/firebase-storage.js","performance":"https://www.gstatic.com/firebasejs/9.9.4/firebase-performance.js","remote-config":"https://www.gstatic.com/firebasejs/9.9.4/firebase-remote-config.js","messaging":"https://www.gstatic.com/firebasejs/9.9.4/firebase-messaging.js","messaging/sw":"https://www.gstatic.com/firebasejs/9.9.4/firebase-messaging/sw.js","database":"https://www.gstatic.com/firebasejs/9.9.4/firebase-database.js","firestore.memory":"https://www.gstatic.com/firebasejs/9.9.4/firebase-firestore.memory.js"}}
[info] ✔  Wrote public/index.html 
[info] 
[info] i  Didn't detect a .git folder. Assuming /home/dell/Enigma Camp/FrontEnd/Angular/angular-auth-with-firebase is the project root. 
[info] i  Authorizing with GitHub to upload your service account to a GitHub repository's secrets store. 
[info] 
[info] Visit this URL on this device to log in:
[info] https://github.com/login/oauth/authorize?client_id=89cf50f02ac6aaed3484&state=638558996&redirect_uri=http%3A%2F%2Flocalhost%3A9005&scope=read%3Auser%20repo%20public_repo
[info] 
[info] Waiting for authentication...
[debug] [2022-09-06T10:12:37.255Z] >>> [apiv2][query] POST https://github.com/login/oauth/access_token [none]
[debug] [2022-09-06T10:12:37.256Z] >>> [apiv2][body] POST https://github.com/login/oauth/access_token [stream]
[debug] [2022-09-06T10:12:37.695Z] <<< [apiv2][status] POST https://github.com/login/oauth/access_token 200
[debug] [2022-09-06T10:12:37.695Z] <<< [apiv2][body] POST https://github.com/login/oauth/access_token {"access_token":"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","token_type":"bearer","scope":"read:user,repo"}
[debug] [2022-09-06T10:12:37.704Z] >>> [apiv2][query] GET https://api.github.com/user [none]
[debug] [2022-09-06T10:12:38.163Z] <<< [apiv2][status] GET https://api.github.com/user 200
[debug] [2022-09-06T10:12:38.164Z] <<< [apiv2][body] GET https://api.github.com/user {"login":"fairuzikbarrr","id":82931694,"node_id":"MDQ6VXNlcjgyOTMxNjk0","avatar_url":"https://avatars.githubusercontent.com/u/82931694?v=4","gravatar_id":"","url":"https://api.github.com/users/fairuzikbarrr","html_url":"https://github.com/fairuzikbarrr","followers_url":"https://api.github.com/users/fairuzikbarrr/followers","following_url":"https://api.github.com/users/fairuzikbarrr/following{/other_user}","gists_url":"https://api.github.com/users/fairuzikbarrr/gists{/gist_id}","starred_url":"https://api.github.com/users/fairuzikbarrr/starred{/owner}{/repo}","subscriptions_url":"https://api.github.com/users/fairuzikbarrr/subscriptions","organizations_url":"https://api.github.com/users/fairuzikbarrr/orgs","repos_url":"https://api.github.com/users/fairuzikbarrr/repos","events_url":"https://api.github.com/users/fairuzikbarrr/events{/privacy}","received_events_url":"https://api.github.com/users/fairuzikbarrr/received_events","type":"User","site_admin":false,"name":"Fairuz Ikbar","company":null,"blog":"http://fairuzikbar.space","location":null,"email":null,"hireable":null,"bio":null,"twitter_username":null,"public_repos":10,"public_gists":1,"followers":1,"following":1,"created_at":"2021-04-21T07:02:38Z","updated_at":"2022-08-24T06:11:54Z","private_gists":0,"total_private_repos":0,"owned_private_repos":0,"disk_usage":26705,"collaborators":0,"two_factor_authentication":false,"plan":{"name":"pro","space":976562499,"collaborators":0,"private_repos":9999}}
[info] 
[info] ✔  Success! Logged into GitHub as fairuzikbarrr 
[info] 
[debug] [2022-09-06T10:13:49.748Z] >>> [apiv2][query] GET https://api.github.com/repos/exit/actions/secrets/public-key type=owner
[debug] [2022-09-06T10:13:50.101Z] <<< [apiv2][status] GET https://api.github.com/repos/exit/actions/secrets/public-key 404
[debug] [2022-09-06T10:13:50.101Z] <<< [apiv2][body] GET https://api.github.com/repos/exit/actions/secrets/public-key {"message":"Not Found","documentation_url":"https://docs.github.com/rest"}
